### Custom WaveView ADV log file, revision N-2017.12 (build Nov 23, ) ###
### created at 12:42:21 on Fri Oct 28 2022 (Linux AMD64) ###
### Host Name: ws40   User ID: u108034060   PID: 19097   ###
wv_start_log
# (0) running in waveview only mode
# (0) SW_SX_PERL_LIB defined
# (0) SW_SX_TCL_LIB defined
# (0) HOME defined
wv_move_window {Custom WaveView} {} 164 187
wv_resize_window {Custom WaveView} 800 586
wv_select_window {Custom WaveView} 
wv_move_window {Custom WaveView} {} 8 31
wv_press_tool_button {Custom WaveView} {} {OpenWaveform0} 
wv_select_dialog {FileDialog} 
wv_close_dialog {FileDialog} 
wv_select_window {Custom WaveView} 
wv_press_tool_button {Custom WaveView} {} {OpenWaveform0} 
wv_select_dialog {FileDialog} 
wv_press_button {FileDialog} {} {Up} 
wv_move_scrollbar {FileDialog} {} {FileList.HScrollBar} {702}
wv_select_list_item {FileDialog} {} {FileList} {vlsi_hspice} 54
wv_dclick_list_item {FileDialog} {} {FileList} {vlsi_hspice} 54
wv_select_list_item {FileDialog} {} {FileList} {hw2} 2
wv_dclick_list_item {FileDialog} {} {FileList} {hw2} 2
wv_move_scrollbar {FileDialog} {} {FileList.HScrollBar} {16}
wv_select_list_item {FileDialog} {} {FileList} {hw2_1.sw0} 17
wv_dclick_list_item {FileDialog} {} {FileList} {hw2_1.sw0} 17
wv_expand_tree_item {Custom WaveView} {} {hierview} {D0:hw2_1.sw0(0)} {+sep=@}
wv_select_tree_item {Custom WaveView} {} {hierview} {D0:hw2_1.sw0(0)@toplevel(0)} {0} {+sep=@}
wv_select_list_item {Custom WaveView} {} {sigview} {v(in)} 6
wv_drag_list_item {Custom WaveView} {} {sigview} {v(in)} 6
wv_drag_enter WV1
wv_drop_on WV1
wv_select_list_item {Custom WaveView} {} {sigview} {v(out)} 7
wv_drag_list_item {Custom WaveView} {} {sigview} {v(out)} 7
wv_drag_enter WV1
wv_drag_to WV1 448 260
wv_drop_on WV1
wv_select_menu_item {Custom WaveView} {} {AxisCursor.Add Cursor} 
wv_select_waveview 1 {waveview 1}
wv_release_wv_item WV1 741 571
wv_dclick_wv_item WV1.PANEL1:1.CURSORPBOX1
wv_release_wv_item WV1 741 571
wv_select_dialog {CursorSnapXYValue} 
wv_set_text {CursorSnapXYValue} {} {CsrXYValue} "750m"
wv_press_button {CursorSnapXYValue} {} {Ok} 
wv_select_window {Custom WaveView} 
wv_select_waveview 1 {waveview 1}
wv_waveview_context_menu WV1.PANEL1:1.CURSOR1
wv_select_waveview 1 {waveview 1}
wv_select_menu_item {Custom WaveView} {waveview 1:1} {HairPopMenu.Switch to H-Cursor} 
wv_close_window {Custom WaveView} 
wv_select_dialog {Confirmation} 
#wv_press_button {Confirmation} {} {Ok} 
#*WARNING* Can not remove '/home/u108/u108034060/.cx_hostport/.cx_hostport_ws40_19097'.
